[debug] [2023-09-08T03:51:54.308Z] ----------------------------------------------------------------------
[debug] [2023-09-08T03:51:54.308Z] Command:       /usr/local/bin/node /usr/local/bin/firebase deploy
[debug] [2023-09-08T03:51:54.309Z] CLI Version:   12.5.2
[debug] [2023-09-08T03:51:54.309Z] Platform:      darwin
[debug] [2023-09-08T03:51:54.309Z] Node Version:  v18.16.0
[debug] [2023-09-08T03:51:54.310Z] Time:          Fri Sep 08 2023 12:51:54 GMT+0900 (Japan Standard Time)
[debug] [2023-09-08T03:51:54.310Z] ----------------------------------------------------------------------
[debug] 
[debug] [2023-09-08T03:51:54.345Z] > command requires scopes: ["email","openid","https://www.googleapis.com/auth/cloudplatformprojects.readonly","https://www.googleapis.com/auth/firebase","https://www.googleapis.com/auth/cloud-platform"]
[debug] [2023-09-08T03:51:54.346Z] > authorizing via signed-in user (vainuser1@gmail.com)
[debug] [2023-09-08T03:51:54.346Z] [iam] checking project panhabot-portfolio-2023 for permissions ["firebase.projects.get","firebasehosting.sites.update"]
[debug] [2023-09-08T03:51:54.346Z] >>> [apiv2][query] POST https://cloudresourcemanager.googleapis.com/v1/projects/panhabot-portfolio-2023:testIamPermissions [none]
[debug] [2023-09-08T03:51:54.347Z] >>> [apiv2][(partial)header] POST https://cloudresourcemanager.googleapis.com/v1/projects/panhabot-portfolio-2023:testIamPermissions x-goog-quota-user=projects/panhabot-portfolio-2023
[debug] [2023-09-08T03:51:54.350Z] >>> [apiv2][body] POST https://cloudresourcemanager.googleapis.com/v1/projects/panhabot-portfolio-2023:testIamPermissions {"permissions":["firebase.projects.get","firebasehosting.sites.update"]}
[debug] [2023-09-08T03:51:55.024Z] <<< [apiv2][status] POST https://cloudresourcemanager.googleapis.com/v1/projects/panhabot-portfolio-2023:testIamPermissions 200
[debug] [2023-09-08T03:51:55.024Z] <<< [apiv2][body] POST https://cloudresourcemanager.googleapis.com/v1/projects/panhabot-portfolio-2023:testIamPermissions {"permissions":["firebase.projects.get","firebasehosting.sites.update"]}
[debug] [2023-09-08T03:51:55.025Z] >>> [apiv2][query] GET https://firebase.googleapis.com/v1beta1/projects/panhabot-portfolio-2023 [none]
[debug] [2023-09-08T03:51:55.351Z] <<< [apiv2][status] GET https://firebase.googleapis.com/v1beta1/projects/panhabot-portfolio-2023 200
[debug] [2023-09-08T03:51:55.351Z] <<< [apiv2][body] GET https://firebase.googleapis.com/v1beta1/projects/panhabot-portfolio-2023 {"projectId":"panhabot-portfolio-2023","projectNumber":"202431249708","displayName":"panhabot-portfolio-2023","name":"projects/panhabot-portfolio-2023","resources":{"hostingSite":"panhabot-portfolio-2023"},"state":"ACTIVE","etag":"1_1e883f21-aea6-4552-a823-8119bf2585df"}
[info] 
[info] === Deploying to 'panhabot-portfolio-2023'...
[info] 
[info] i  deploying hosting 
[debug] [2023-09-08T03:51:55.354Z] >>> [apiv2][query] POST https://firebasehosting.googleapis.com/v1beta1/projects/-/sites/panhabot-portfolio-2023/versions [none]
[debug] [2023-09-08T03:51:55.354Z] >>> [apiv2][body] POST https://firebasehosting.googleapis.com/v1beta1/projects/-/sites/panhabot-portfolio-2023/versions {"status":"CREATED","labels":{"deployment-tool":"cli-firebase"}}
[debug] [2023-09-08T03:51:56.258Z] <<< [apiv2][status] POST https://firebasehosting.googleapis.com/v1beta1/projects/-/sites/panhabot-portfolio-2023/versions 200
[debug] [2023-09-08T03:51:56.258Z] <<< [apiv2][body] POST https://firebasehosting.googleapis.com/v1beta1/projects/-/sites/panhabot-portfolio-2023/versions {"name":"projects/202431249708/sites/panhabot-portfolio-2023/versions/bbda9a21831deff8","status":"CREATED","config":{},"labels":{"deployment-tool":"cli-firebase"}}
[info] i  hosting[panhabot-portfolio-2023]: beginning deploy... 
[info] i  hosting[panhabot-portfolio-2023]: found 26 files in build 
[debug] [2023-09-08T03:51:56.270Z] [hosting] uploading with 200 concurrency
[debug] [2023-09-08T03:51:56.423Z] [hosting] hash cache [YnVpbGQ] stored for 26 files
[debug] [2023-09-08T03:51:56.423Z] [hosting][hash queue][FINAL] {"max":144,"min":7,"avg":13.76923076923077,"active":0,"complete":26,"success":26,"errored":0,"retried":0,"total":26,"elapsed":149}
[debug] [2023-09-08T03:51:56.423Z] >>> [apiv2][query] POST https://firebasehosting.googleapis.com/v1beta1/projects/202431249708/sites/panhabot-portfolio-2023/versions/bbda9a21831deff8:populateFiles [none]
[debug] [2023-09-08T03:51:56.423Z] >>> [apiv2][body] POST https://firebasehosting.googleapis.com/v1beta1/projects/202431249708/sites/panhabot-portfolio-2023/versions/bbda9a21831deff8:populateFiles {"files":{"/asset-manifest.json":"e26a2e0147cfe2df39e4acce2cd5e2f6f943d9615771dad7626ff1385d20a1aa","/favicon.png":"c20b772298d01a3fb936bc15524b59fff124c5e9c5793c50b3873cf3639b5aec","/index.html":"147111aadf3798cee3db2e5a76c76daddff36f3a7ddf4aee0d5db80a3daf7db8","/favicon.ico":"b72f7455f00e4e58792d2bca892abb068e2213838c0316d6b7a0d6d16acd1955","/manifest.json":"8422928dc91bc1ca5a8e47cc60c9a264694bfbe46ef8af6f104c18997a7cf548","/logo192.png":"caff018b7f1e8fd481eb1c50d75b0ef236bcd5078b1d15c8bb348453fee30293","/robots.txt":"391d14b3c2f8c9143a27a28c7399585142228d4d1bdbe2c87ac946de411fa9a2","/logo512.png":"191fc21360b4ccfb1cda11a1efb97f489ed22672ca83f4064316802bbfdd750e","/static/js/787.a98344a9.chunk.js":"0a3f91b1c8c8cf9dcb729648749900ccc2a659903652e2724479ffc912aea19d","/static/css/main.c1b71596.css":"4ac3c7205fec24af75801cea9c9e84aef45ddafc22397bc3c94e7a67b0dc644f","/static/js/main.e57376ad.js.LICENSE.txt":"c9c9a78ead6832965f8e3c42169ea7d12fe516fbf362bfd0a4558e11d67518ea","/static/js/787.a98344a9.chunk.js.map":"cd0dedde9672cfe1d5cf05d3b1074bdd5945ec166a7e72a789488bded813ad14","/static/css/main.c1b71596.css.map":"17fcdb54b28abe0e465556b40101cec5db6c0dc4cd36df0b178813f3b3babeaa","/static/media/backward.a3e1fb1f5c114b6d75c3f45d4ade6399.svg":"25476c55d0a2ebdde4c5556101477ada8b5623e5718cb1b92eec76b0397b8369","/static/media/close-btn.672368869d45e7504b7286661d7d3c52.svg":"7dd9004460ba4cfa2ab26b6396adf4467f3e636d8c007d197f830bff7d3d5ed3","/static/media/click-here-btn.22fce0d08536ae6cacd6a28d60014907.svg":"2b47db1a596f6ac04135108d68a9fe6a1f53ca9ab48bafca56d9f8c312fab1c7","/static/media/decore2.b6b1a3c2e0ad60146a32735f0cf5f5ed.svg":"8c1c8a55b99f5eb9587b093c5116b58eb9828481d8f7a418f49690b468ff30c1","/static/media/decore3.1580da53f23d743759077fa08d5182c9.svg":"20c58b6a2aac7c1c3130cefa514afae593df4bb8a77d7f001bc7576b04cf845d","/static/media/decore4.70de5d489877fdcda3fc5d021cfe38bf.svg":"a228bd308990687fcd125a21762662bf0d0427ce8098d8fe3d750ad876728893","/static/media/forward-button.b89901c7655bf3244b5d39cf30f8bc42.svg":"a55fb4d54f4ef787efcacfc4d85e51d59f206a0bc685022af9602353e00a007a","/static/media/nav-btn.c89443e6e4830244d9b9f0505fefb940.svg":"0c0744af30090ed9e749e827c847f9966c1f558b7fa89c899a1dbb9ca2a9e83d","/static/media/top-button.434b828fec97b66ecb9b6ba100c77f96.svg":"549b6fada45859f30af4796a4dc383b767961b1dadf5ca7f77c3a40c8b9bd669","/static/media/kh-flag.cf1ba5a874baf5bb31d258dce70e0ac5.svg":"d69a935aed010bea90c74564d7db9be6ff60793e89f81f3ee6a13805d2dd685f","/static/media/my-image.dd5fd950d9bb20b4e946.png":"43e2f9d4cb7b59b00d440dd5afe3d6d5b6b6e3267a0a2842ecc267d64e78b4a9","/static/js/main.e57376ad.js":"3e053e290aaa6a8eac8e37fe1ed056d1797cdc2a8a386d94c35ff62a168987bb","/static/js/main.e57376ad.js.map":"98928df0b0cfc68cb8114e610488f9a5b027dfb7fecf7e04f790288b3c14bbb3"}}
[debug] [2023-09-08T03:51:57.071Z] <<< [apiv2][status] POST https://firebasehosting.googleapis.com/v1beta1/projects/202431249708/sites/panhabot-portfolio-2023/versions/bbda9a21831deff8:populateFiles 200
[debug] [2023-09-08T03:51:57.071Z] <<< [apiv2][body] POST https://firebasehosting.googleapis.com/v1beta1/projects/202431249708/sites/panhabot-portfolio-2023/versions/bbda9a21831deff8:populateFiles {"uploadRequiredHashes":["8422928dc91bc1ca5a8e47cc60c9a264694bfbe46ef8af6f104c18997a7cf548"],"uploadUrl":"https://upload-firebasehosting.googleapis.com/upload/sites/panhabot-portfolio-2023/versions/bbda9a21831deff8/files"}
[debug] [2023-09-08T03:51:57.072Z] >>> [apiv2][query] POST https://upload-firebasehosting.googleapis.com/upload/sites/panhabot-portfolio-2023/versions/bbda9a21831deff8/files/8422928dc91bc1ca5a8e47cc60c9a264694bfbe46ef8af6f104c18997a7cf548 [none]
[debug] [2023-09-08T03:51:57.072Z] >>> [apiv2][body] POST https://upload-firebasehosting.googleapis.com/upload/sites/panhabot-portfolio-2023/versions/bbda9a21831deff8/files/8422928dc91bc1ca5a8e47cc60c9a264694bfbe46ef8af6f104c18997a7cf548 [stream]
[debug] [2023-09-08T03:51:57.073Z] [hosting][populate queue][FINAL] {"max":651,"min":651,"avg":651,"active":0,"complete":1,"success":1,"errored":0,"retried":0,"total":1,"elapsed":652}
[debug] [2023-09-08T03:51:57.073Z] [hosting] uploads queued: 1
